<?xml version="1.0" encoding="UTF-8"?>
<testng-results skipped="0" failed="0" total="1" passed="1">
  <reporter-output>
  </reporter-output>
  <suite name="Default suite" duration-ms="59622" started-at="2021-09-17T11:31:07Z" finished-at="2021-09-17T11:32:06Z">
    <groups>
      <group name="SmokeSuite">
        <method signature="TC_13_DeleteContact.DeleteContact13()[pri:0, instance:AssignMent.TC_13_DeleteContact@4e1d422d]" name="DeleteContact13" class="AssignMent.TC_13_DeleteContact"/>
      </group> <!-- SmokeSuite -->
    </groups>
    <test name="Default test" duration-ms="59622" started-at="2021-09-17T11:31:07Z" finished-at="2021-09-17T11:32:06Z">
      <class name="AssignMent.TC_13_DeleteContact">
        <test-method status="PASS" signature="ConnectionDB()[pri:0, instance:AssignMent.TC_13_DeleteContact@4e1d422d]" name="ConnectionDB" is-config="true" duration-ms="29" started-at="2021-09-17T17:01:07Z" finished-at="2021-09-17T17:01:07Z">
          <reporter-output>
          </reporter-output>
        </test-method> <!-- ConnectionDB -->
        <test-method status="PASS" signature="launchBrowser()[pri:0, instance:AssignMent.TC_13_DeleteContact@4e1d422d]" name="launchBrowser" is-config="true" duration-ms="13602" started-at="2021-09-17T17:01:07Z" finished-at="2021-09-17T17:01:20Z">
          <reporter-output>
          </reporter-output>
        </test-method> <!-- launchBrowser -->
        <test-method status="PASS" signature="login()[pri:0, instance:AssignMent.TC_13_DeleteContact@4e1d422d]" name="login" is-config="true" duration-ms="12580" started-at="2021-09-17T17:01:20Z" finished-at="2021-09-17T17:01:33Z">
          <reporter-output>
          </reporter-output>
        </test-method> <!-- login -->
        <test-method status="PASS" signature="DeleteContact13()[pri:0, instance:AssignMent.TC_13_DeleteContact@4e1d422d]" name="DeleteContact13" duration-ms="14730" started-at="2021-09-17T17:01:33Z" finished-at="2021-09-17T17:01:48Z">
          <reporter-output>
          </reporter-output>
        </test-method> <!-- DeleteContact13 -->
        <test-method status="PASS" signature="logout()[pri:0, instance:AssignMent.TC_13_DeleteContact@4e1d422d]" name="logout" is-config="true" duration-ms="18012" started-at="2021-09-17T17:01:48Z" finished-at="2021-09-17T17:02:06Z">
          <reporter-output>
          </reporter-output>
        </test-method> <!-- logout -->
        <test-method status="PASS" signature="closeBrowser()[pri:0, instance:AssignMent.TC_13_DeleteContact@4e1d422d]" name="closeBrowser" is-config="true" duration-ms="638" started-at="2021-09-17T17:02:06Z" finished-at="2021-09-17T17:02:06Z">
          <reporter-output>
          </reporter-output>
        </test-method> <!-- closeBrowser -->
        <test-method status="PASS" signature="closeDB()[pri:0, instance:AssignMent.TC_13_DeleteContact@4e1d422d]" name="closeDB" is-config="true" duration-ms="1" started-at="2021-09-17T17:02:07Z" finished-at="2021-09-17T17:02:07Z">
          <reporter-output>
          </reporter-output>
        </test-method> <!-- closeDB -->
      </class> <!-- AssignMent.TC_13_DeleteContact -->
    </test> <!-- Default test -->
  </suite> <!-- Default suite -->
</testng-results>
